<?xml version="1.0" encoding="UTF-8"?>
<!-- Generated by org.testng.reporters.JUnitXMLReporter -->
<testsuite hostname="2SH65A4B71" ignored="0"
	name="TestFirefox" tests="1" failures="1"
	timestamp="16 Aug 2017 16:46:44 GMT" time="8.895" errors="0">
	<testcase name="loginTest" time="1.952"
		classname="com.upc.automation.tests.LoginTest">
		<failure type="java.lang.Exception"
			message="Testcase Failed due to: ">
      <![CDATA[java.lang.Exception: Testcase Failed due to: 
	at com.upc.automation.tests.LoginTest.loginTest(LoginTest.java:70)
Caused by: java.lang.NullPointerException
	at com.upc.automation.tests.LoginTest.loginTest(LoginTest.java:57)
	... 25 more
... Removed 25 stack frames]]>
		</failure>
	</testcase> <!-- loginTest -->
</testsuite> <!-- TestFirefox -->
