<?xml version="1.0" encoding="UTF-8"?>
<testng-results ignored="0" total="1" passed="1" failed="0" skipped="0">
  <reporter-output>
  </reporter-output>
  <suite started-at="2023-02-12T08:31:28Z" name="Suite" finished-at="2023-02-12T08:31:40Z" duration-ms="12078">
    <groups>
    </groups>
    <test started-at="2023-02-12T08:31:28Z" name="Test" finished-at="2023-02-12T08:31:40Z" duration-ms="12078">
      <class name="com.uob.automation.tests.UOB_LoginmultiTest">
        <test-method is-config="true" signature="setUp()[pri:0, instance:com.uob.automation.tests.UOB_LoginmultiTest@31d7b7bf]" started-at="2023-02-12T16:31:28Z" name="setUp" finished-at="2023-02-12T16:31:28Z" duration-ms="281" status="PASS">
          <reporter-output>
          </reporter-output>
        </test-method> <!-- setUp -->
        <test-method is-config="true" signature="baseSetUp()[pri:0, instance:com.uob.automation.tests.UOB_LoginmultiTest@31d7b7bf]" started-at="2023-02-12T16:31:28Z" name="baseSetUp" finished-at="2023-02-12T16:31:30Z" duration-ms="1826" status="PASS">
          <reporter-output>
          </reporter-output>
        </test-method> <!-- baseSetUp -->
        <test-method signature="LoginTest()[pri:0, instance:com.uob.automation.tests.UOB_LoginmultiTest@31d7b7bf]" started-at="2023-02-12T16:31:30Z" name="LoginTest" finished-at="2023-02-12T16:31:40Z" duration-ms="10043" status="PASS">
          <reporter-output>
          </reporter-output>
        </test-method> <!-- LoginTest -->
        <test-method is-config="true" signature="afterTest()[pri:0, instance:com.uob.automation.tests.UOB_LoginmultiTest@31d7b7bf]" started-at="2023-02-12T16:31:40Z" name="afterTest" finished-at="2023-02-12T16:31:40Z" duration-ms="193" status="PASS">
          <reporter-output>
          </reporter-output>
        </test-method> <!-- afterTest -->
        <test-method is-config="true" signature="tearDown()[pri:0, instance:com.uob.automation.tests.UOB_LoginmultiTest@31d7b7bf]" started-at="2023-02-12T16:31:40Z" name="tearDown" finished-at="2023-02-12T16:31:40Z" depends-on-methods="com.uob.automation.tests.UOB_LoginmultiTest.afterTest" duration-ms="0" status="PASS">
          <reporter-output>
          </reporter-output>
        </test-method> <!-- tearDown -->
        <test-method is-config="true" signature="createReports()[pri:0, instance:com.uob.automation.tests.UOB_LoginmultiTest@31d7b7bf]" started-at="2023-02-12T16:31:40Z" name="createReports" finished-at="2023-02-12T16:31:42Z" duration-ms="1594" status="PASS">
          <reporter-output>
          </reporter-output>
        </test-method> <!-- createReports -->
      </class> <!-- com.uob.automation.tests.UOB_LoginmultiTest -->
    </test> <!-- Test -->
  </suite> <!-- Suite -->
</testng-results>
