<?xml version="1.0" encoding="UTF-8"?>
<testng-results skipped="0" failed="1" ignored="0" total="1" passed="0">
  <reporter-output>
  </reporter-output>
  <suite name="Default suite" duration-ms="6705" started-at="2019-06-11T22:54:50Z" finished-at="2019-06-11T22:54:56Z">
    <groups>
    </groups>
    <test name="Default test" duration-ms="6705" started-at="2019-06-11T22:54:50Z" finished-at="2019-06-11T22:54:56Z">
      <class name="com.sfdc.automation.tests.SFDC_Login">
        <test-method status="PASS" signature="setUp()[pri:0, instance:com.sfdc.automation.tests.SFDC_Login@3327bd23]" name="setUp" is-config="true" duration-ms="536" started-at="2019-06-11T15:54:49Z" finished-at="2019-06-11T15:54:50Z">
          <reporter-output>
          </reporter-output>
        </test-method> <!-- setUp -->
        <test-method status="PASS" signature="baseSetUp()[pri:0, instance:com.sfdc.automation.tests.SFDC_Login@3327bd23]" name="baseSetUp" is-config="true" duration-ms="4889" started-at="2019-06-11T15:54:50Z" finished-at="2019-06-11T15:54:55Z">
          <reporter-output>
          </reporter-output>
        </test-method> <!-- baseSetUp -->
        <test-method status="FAIL" signature="LoginTest()[pri:0, instance:com.sfdc.automation.tests.SFDC_Login@3327bd23]" name="LoginTest" duration-ms="1023" started-at="2019-06-11T15:54:55Z" finished-at="2019-06-11T15:54:56Z">
          <exception class="java.lang.StringIndexOutOfBoundsException">
            <message>
              <![CDATA[String index out of range: -1]]>
            </message>
            <full-stacktrace>
              <![CDATA[java.lang.StringIndexOutOfBoundsException: String index out of range: -1
	at java.lang.String.substring(String.java:1931)
	at com.sfdc.automation.common.BaseTest.getExecutionRows(BaseTest.java:1488)
	at com.sfdc.automation.tests.SFDC_Login.LoginTest(SFDC_Login.java:30)
	at sun.reflect.NativeMethodAccessorImpl.invoke0(Native Method)
	at sun.reflect.NativeMethodAccessorImpl.invoke(NativeMethodAccessorImpl.java:62)
	at sun.reflect.DelegatingMethodAccessorImpl.invoke(DelegatingMethodAccessorImpl.java:43)
	at java.lang.reflect.Method.invoke(Method.java:498)
	at org.testng.internal.MethodInvocationHelper.invokeMethod(MethodInvocationHelper.java:108)
	at org.testng.internal.Invoker.invokeMethod(Invoker.java:661)
	at org.testng.internal.Invoker.invokeTestMethod(Invoker.java:869)
	at org.testng.internal.Invoker.invokeTestMethods(Invoker.java:1193)
	at org.testng.internal.TestMethodWorker.invokeTestMethods(TestMethodWorker.java:126)
	at org.testng.internal.TestMethodWorker.run(TestMethodWorker.java:109)
	at org.testng.TestRunner.privateRun(TestRunner.java:744)
	at org.testng.TestRunner.run(TestRunner.java:602)
	at org.testng.SuiteRunner.runTest(SuiteRunner.java:380)
	at org.testng.SuiteRunner.runSequentially(SuiteRunner.java:375)
	at org.testng.SuiteRunner.privateRun(SuiteRunner.java:340)
	at org.testng.SuiteRunner.run(SuiteRunner.java:289)
	at org.testng.SuiteRunnerWorker.runSuite(SuiteRunnerWorker.java:52)
	at org.testng.SuiteRunnerWorker.run(SuiteRunnerWorker.java:86)
	at org.testng.TestNG.runSuitesSequentially(TestNG.java:1301)
	at org.testng.TestNG.runSuitesLocally(TestNG.java:1226)
	at org.testng.TestNG.runSuites(TestNG.java:1144)
	at org.testng.TestNG.run(TestNG.java:1115)
	at org.testng.remote.AbstractRemoteTestNG.run(AbstractRemoteTestNG.java:115)
	at org.testng.remote.RemoteTestNG.initAndRun(RemoteTestNG.java:251)
	at org.testng.remote.RemoteTestNG.main(RemoteTestNG.java:77)
]]>
            </full-stacktrace>
          </exception> <!-- java.lang.StringIndexOutOfBoundsException -->
          <reporter-output>
          </reporter-output>
        </test-method> <!-- LoginTest -->
        <test-method status="PASS" signature="afterTest()[pri:0, instance:com.sfdc.automation.tests.SFDC_Login@3327bd23]" name="afterTest" is-config="true" duration-ms="763" started-at="2019-06-11T15:54:56Z" finished-at="2019-06-11T15:54:56Z">
          <reporter-output>
          </reporter-output>
        </test-method> <!-- afterTest -->
        <test-method status="PASS" signature="tearDown()[pri:0, instance:com.sfdc.automation.tests.SFDC_Login@3327bd23]" name="tearDown" is-config="true" duration-ms="0" started-at="2019-06-11T15:54:56Z" depends-on-methods="com.sfdc.automation.tests.SFDC_Login.afterTest" finished-at="2019-06-11T15:54:56Z">
          <reporter-output>
          </reporter-output>
        </test-method> <!-- tearDown -->
        <test-method status="PASS" signature="createReports()[pri:0, instance:com.sfdc.automation.tests.SFDC_Login@3327bd23]" name="createReports" is-config="true" duration-ms="838" started-at="2019-06-11T15:54:56Z" finished-at="2019-06-11T15:54:57Z">
          <reporter-output>
          </reporter-output>
        </test-method> <!-- createReports -->
      </class> <!-- com.sfdc.automation.tests.SFDC_Login -->
    </test> <!-- Default test -->
  </suite> <!-- Default suite -->
</testng-results>
